<?xml version="1.0" encoding="UTF-8"?>
<!-- Generated by org.testng.reporters.JUnitReportReporter -->
<testsuite skipped="0" hostname="Shree-PC" name="com.crm.qa.pages.mouseHoverOnContact" tests="1" failures="0" timestamp="09 Mar 2020 14:54:34 GMT" time="22.864" errors="0">
  <testcase name="MouseHoverElement" time="22.864" classname="com.crm.qa.pages.mouseHoverOnContact"/>
</testsuite> <!-- com.crm.qa.pages.mouseHoverOnContact -->
