<?xml version="1.0" encoding="UTF-8"?>
<!-- Generated by org.testng.reporters.JUnitReportReporter -->
<testsuite skipped="0" hostname="Shree-PC" name="com.crm.qa.testcases.HomePageTest" tests="6" failures="0" timestamp="10 Mar 2020 05:36:45 GMT" time="128.063" errors="0">
  <testcase name="homePageTitleTest" time="18.515" classname="com.crm.qa.testcases.HomePageTest"/>
  <testcase name="userLableTest" time="14.813" classname="com.crm.qa.testcases.HomePageTest"/>
  <testcase name="clickOnContactsTest" time="23.008" classname="com.crm.qa.testcases.HomePageTest"/>
  <testcase name="clickOnNewContactLinkTest" time="25.626" classname="com.crm.qa.testcases.HomePageTest"/>
  <testcase name="clickOnNewContactLinkTest" time="24.214" classname="com.crm.qa.testcases.HomePageTest"/>
  <testcase name="clickOnNewContactLinkTest" time="21.887" classname="com.crm.qa.testcases.HomePageTest"/>
</testsuite> <!-- com.crm.qa.testcases.HomePageTest -->
