<?xml version="1.0" encoding="UTF-8"?>
<!-- Generated by org.testng.reporters.JUnitReportReporter -->
<testsuite skipped="0" hostname="Shree-PC" name="com.crm.qa.testcases.ContactsPageTest" tests="3" failures="0" timestamp="10 Mar 2020 05:36:45 GMT" time="47.892" errors="0">
  <testcase name="contactsPageLableTest" time="16.288" classname="com.crm.qa.testcases.ContactsPageTest"/>
  <testcase name="selectContactsCheckboxTest" time="16.009" classname="com.crm.qa.testcases.ContactsPageTest"/>
  <testcase name="selectMultipleContactsCheckboxTest" time="15.595" classname="com.crm.qa.testcases.ContactsPageTest"/>
</testsuite> <!-- com.crm.qa.testcases.ContactsPageTest -->
